2023-09-12 22:53:56,651 [INFO] Activator:178 - 


2023-09-12 22:53:56,660 [INFO] Activator:179 - !SESSION log4j initialized
2023-09-12 22:55:04,994 [INFO] ApplicationProperties:181 - Using Application install path: C:\ST\STM32CubeIDE_1.4.0\STM32CubeIDE\plugins\com.st.stm32cube.common.mx_6.0.0.202007160824
2023-09-12 22:55:05,030 [INFO] DbMcusXml:70 - Set database path to: C:\ST\STM32CubeIDE_1.4.0\STM32CubeIDE\plugins\com.st.stm32cube.common.mx_6.0.0.202007160824\\db\/mcu/
2023-09-12 22:55:05,033 [INFO] DbBoardsPdsc:56 - Set plugin database path to: C:\ST\STM32CubeIDE_1.4.0\STM32CubeIDE\plugins\com.st.stm32cube.common.mx_6.0.0.202007160824\\db\/plugins/boardmanager/
2023-09-12 22:55:05,034 [INFO] DbMcus:258 - Set plugin images path to: C:\ST\STM32CubeIDE_1.4.0\STM32CubeIDE\plugins\com.st.stm32cube.common.mx_6.0.0.202007160824\\db\/plugins/mcufinder/images/
2023-09-12 22:55:05,034 [INFO] DbBoards:264 - Set plugin images path to: C:\ST\STM32CubeIDE_1.4.0\STM32CubeIDE\plugins\com.st.stm32cube.common.mx_6.0.0.202007160824\\db\/plugins/mcufinder/images/
2023-09-12 22:55:05,037 [INFO] DbExamples:326 - Set plugin images path to: C:\ST\STM32CubeIDE_1.4.0\STM32CubeIDE\plugins\com.st.stm32cube.common.mx_6.0.0.202007160824\\db\/plugins/mcufinder/images/
2023-09-12 22:55:05,151 [INFO] DbMcusDocs:112 - Set database path to: C:\Users\Abdelrahman Hebeish\.stmcufinder\plugins\mcufinder//mcu/
2023-09-12 22:55:05,157 [INFO] DbMcusJson:63 - Set database path to: C:\Users\Abdelrahman Hebeish\.stmcufinder\plugins\mcufinder//mcu/
2023-09-12 22:55:05,158 [INFO] DbBoardsDocs:112 - Set database path to: C:\Users\Abdelrahman Hebeish\.stmcufinder\plugins\mcufinder//mcu/
2023-09-12 22:55:05,159 [INFO] DbBoardsJson:56 - Set database path to: C:\Users\Abdelrahman Hebeish\.stmcufinder\plugins\mcufinder//mcu/
2023-09-12 22:55:05,211 [INFO] CrossReferenceDbSqlite:196 - Set database path to: C:\Users\Abdelrahman Hebeish\.stmcufinder\plugins\mcufinder//mcu/cs/
2023-09-12 22:55:05,215 [INFO] DbExamplesSqlite:800 - Set database path to: C:\Users\Abdelrahman Hebeish\.stmcufinder\plugins\mcufinder//mcu/
2023-09-12 22:55:05,504 [INFO] RulesReader:52 - Compatibility file has been processed (209 Rules)
2023-09-12 22:55:05,716 [INFO] MicroXplorer:564 - Detected Java Version = 1.8.0_252
2023-09-12 22:55:05,717 [INFO] DbMcusXml:70 - Set database path to: C:\ST\STM32CubeIDE_1.4.0\STM32CubeIDE\plugins\com.st.stm32cube.common.mx_6.0.0.202007160824\\db\/mcu/
2023-09-12 22:55:05,717 [INFO] DbBoardsPdsc:56 - Set plugin database path to: C:\ST\STM32CubeIDE_1.4.0\STM32CubeIDE\plugins\com.st.stm32cube.common.mx_6.0.0.202007160824\\db\/plugins/boardmanager/
2023-09-12 22:55:05,718 [INFO] DbMcus:258 - Set plugin images path to: C:\ST\STM32CubeIDE_1.4.0\STM32CubeIDE\plugins\com.st.stm32cube.common.mx_6.0.0.202007160824\\db\/plugins/mcufinder/images/
2023-09-12 22:55:05,718 [INFO] DbBoards:264 - Set plugin images path to: C:\ST\STM32CubeIDE_1.4.0\STM32CubeIDE\plugins\com.st.stm32cube.common.mx_6.0.0.202007160824\\db\/plugins/mcufinder/images/
2023-09-12 22:55:05,718 [INFO] DbExamples:326 - Set plugin images path to: C:\ST\STM32CubeIDE_1.4.0\STM32CubeIDE\plugins\com.st.stm32cube.common.mx_6.0.0.202007160824\\db\/plugins/mcufinder/images/
2023-09-12 22:55:05,718 [WARN] DbFile:36 - Overriding database path with different value: C:\Users\Abdelrahman Hebeish\.stmcufinder\plugins\mcufinder/ => C:\Users\Abdelrahman Hebeish\.stmcufinder\plugins\mcufinder
2023-09-12 22:55:05,718 [INFO] DbMcusDocs:112 - Set database path to: C:\Users\Abdelrahman Hebeish\.stmcufinder\plugins\mcufinder//mcu/
2023-09-12 22:55:05,718 [WARN] DbFile:36 - Overriding database path with different value: C:\Users\Abdelrahman Hebeish\.stmcufinder\plugins\mcufinder/ => C:\Users\Abdelrahman Hebeish\.stmcufinder\plugins\mcufinder
2023-09-12 22:55:05,719 [INFO] DbMcusJson:63 - Set database path to: C:\Users\Abdelrahman Hebeish\.stmcufinder\plugins\mcufinder//mcu/
2023-09-12 22:55:05,719 [WARN] DbFile:36 - Overriding database path with different value: C:\Users\Abdelrahman Hebeish\.stmcufinder\plugins\mcufinder/ => C:\Users\Abdelrahman Hebeish\.stmcufinder\plugins\mcufinder
2023-09-12 22:55:05,719 [INFO] DbBoardsDocs:112 - Set database path to: C:\Users\Abdelrahman Hebeish\.stmcufinder\plugins\mcufinder//mcu/
2023-09-12 22:55:05,719 [WARN] DbFile:36 - Overriding database path with different value: C:\Users\Abdelrahman Hebeish\.stmcufinder\plugins\mcufinder/ => C:\Users\Abdelrahman Hebeish\.stmcufinder\plugins\mcufinder
2023-09-12 22:55:05,719 [INFO] DbBoardsJson:56 - Set database path to: C:\Users\Abdelrahman Hebeish\.stmcufinder\plugins\mcufinder//mcu/
2023-09-12 22:55:05,719 [WARN] DbFile:36 - Overriding database path with different value: C:\Users\Abdelrahman Hebeish\.stmcufinder\plugins\mcufinder/ => C:\Users\Abdelrahman Hebeish\.stmcufinder\plugins\mcufinder
2023-09-12 22:55:05,719 [WARN] DbFile:36 - Overriding database path with different value: C:\Users\Abdelrahman Hebeish\.stmcufinder\plugins\mcufinder/ => C:\Users\Abdelrahman Hebeish\.stmcufinder\plugins\mcufinder
2023-09-12 22:55:05,720 [INFO] CrossReferenceDbSqlite:196 - Set database path to: C:\Users\Abdelrahman Hebeish\.stmcufinder\plugins\mcufinder//mcu/cs/
2023-09-12 22:55:05,720 [WARN] DbFile:36 - Overriding database path with different value: C:\Users\Abdelrahman Hebeish\.stmcufinder\plugins\mcufinder/ => C:\Users\Abdelrahman Hebeish\.stmcufinder\plugins\mcufinder
2023-09-12 22:55:05,720 [INFO] DbExamplesSqlite:800 - Set database path to: C:\Users\Abdelrahman Hebeish\.stmcufinder\plugins\mcufinder//mcu/
2023-09-12 22:55:05,909 [INFO] MainPanel:189 - HeapMemory: 268435456
2023-09-12 22:55:06,125 [INFO] DbMcusXml:70 - Set database path to: C:\ST\STM32CubeIDE_1.4.0\STM32CubeIDE\plugins\com.st.stm32cube.common.mx_6.0.0.202007160824\\db\/mcu/
2023-09-12 22:55:06,126 [INFO] DbBoardsPdsc:56 - Set plugin database path to: C:\ST\STM32CubeIDE_1.4.0\STM32CubeIDE\plugins\com.st.stm32cube.common.mx_6.0.0.202007160824\\db\/plugins/boardmanager/
2023-09-12 22:55:06,126 [INFO] DbMcus:258 - Set plugin images path to: C:\ST\STM32CubeIDE_1.4.0\STM32CubeIDE\plugins\com.st.stm32cube.common.mx_6.0.0.202007160824\\db\/plugins/mcufinder/images/
2023-09-12 22:55:06,126 [INFO] DbBoards:264 - Set plugin images path to: C:\ST\STM32CubeIDE_1.4.0\STM32CubeIDE\plugins\com.st.stm32cube.common.mx_6.0.0.202007160824\\db\/plugins/mcufinder/images/
2023-09-12 22:55:06,126 [INFO] DbExamples:326 - Set plugin images path to: C:\ST\STM32CubeIDE_1.4.0\STM32CubeIDE\plugins\com.st.stm32cube.common.mx_6.0.0.202007160824\\db\/plugins/mcufinder/images/
2023-09-12 22:55:06,137 [WARN] DbFile:36 - Overriding database path with different value: C:\Users\Abdelrahman Hebeish\.stmcufinder\plugins\mcufinder/ => C:\Users\Abdelrahman Hebeish\.stmcufinder\plugins\mcufinder
2023-09-12 22:55:06,137 [INFO] DbMcusDocs:112 - Set database path to: C:\Users\Abdelrahman Hebeish\.stmcufinder\plugins\mcufinder//mcu/
2023-09-12 22:55:06,137 [WARN] DbFile:36 - Overriding database path with different value: C:\Users\Abdelrahman Hebeish\.stmcufinder\plugins\mcufinder/ => C:\Users\Abdelrahman Hebeish\.stmcufinder\plugins\mcufinder
2023-09-12 22:55:06,137 [INFO] DbMcusJson:63 - Set database path to: C:\Users\Abdelrahman Hebeish\.stmcufinder\plugins\mcufinder//mcu/
2023-09-12 22:55:06,137 [WARN] DbFile:36 - Overriding database path with different value: C:\Users\Abdelrahman Hebeish\.stmcufinder\plugins\mcufinder/ => C:\Users\Abdelrahman Hebeish\.stmcufinder\plugins\mcufinder
2023-09-12 22:55:06,137 [INFO] DbBoardsDocs:112 - Set database path to: C:\Users\Abdelrahman Hebeish\.stmcufinder\plugins\mcufinder//mcu/
2023-09-12 22:55:06,137 [WARN] DbFile:36 - Overriding database path with different value: C:\Users\Abdelrahman Hebeish\.stmcufinder\plugins\mcufinder/ => C:\Users\Abdelrahman Hebeish\.stmcufinder\plugins\mcufinder
2023-09-12 22:55:06,138 [INFO] DbBoardsJson:56 - Set database path to: C:\Users\Abdelrahman Hebeish\.stmcufinder\plugins\mcufinder//mcu/
2023-09-12 22:55:06,138 [WARN] DbFile:36 - Overriding database path with different value: C:\Users\Abdelrahman Hebeish\.stmcufinder\plugins\mcufinder/ => C:\Users\Abdelrahman Hebeish\.stmcufinder\plugins\mcufinder
2023-09-12 22:55:06,138 [WARN] DbFile:36 - Overriding database path with different value: C:\Users\Abdelrahman Hebeish\.stmcufinder\plugins\mcufinder/ => C:\Users\Abdelrahman Hebeish\.stmcufinder\plugins\mcufinder
2023-09-12 22:55:06,138 [INFO] CrossReferenceDbSqlite:196 - Set database path to: C:\Users\Abdelrahman Hebeish\.stmcufinder\plugins\mcufinder//mcu/cs/
2023-09-12 22:55:06,138 [WARN] DbFile:36 - Overriding database path with different value: C:\Users\Abdelrahman Hebeish\.stmcufinder\plugins\mcufinder/ => C:\Users\Abdelrahman Hebeish\.stmcufinder\plugins\mcufinder
2023-09-12 22:55:06,138 [INFO] DbExamplesSqlite:800 - Set database path to: C:\Users\Abdelrahman Hebeish\.stmcufinder\plugins\mcufinder//mcu/
2023-09-12 22:55:06,198 [INFO] ApplicationProperties:181 - Using Application install path: C:\ST\STM32CubeIDE_1.4.0\STM32CubeIDE\plugins\com.st.stm32cube.common.mx_6.0.0.202007160824
2023-09-12 22:55:06,200 [INFO] PluginManage:178 - Search for loadable plugins [exclusion list=, ]
2023-09-12 22:55:06,227 [INFO] PluginManage:292 - Check plugin analytics
2023-09-12 22:55:06,416 [INFO] AnalyticsPlugin:203 - Accepted Software Licenses: 
2023-09-12 22:55:06,417 [INFO] AnalyticsPlugin:205 - Accepted CMSIS Pack Licenses: 
2023-09-12 22:55:06,417 [INFO] AnalyticsPlugin:207 - Accepted Firmware Licenses: 
2023-09-12 22:55:06,417 [INFO] PluginManage:342 - Loaded plugin analytics (category:tool,tabindex:-1)
2023-09-12 22:55:06,418 [INFO] PluginManage:292 - Check plugin clock
2023-09-12 22:55:06,515 [INFO] PluginManage:342 - Loaded plugin clock (category:base,tabindex:2)
2023-09-12 22:55:06,515 [INFO] PluginManage:292 - Check plugin ddr
2023-09-12 22:55:06,528 [INFO] PluginManage:342 - Loaded plugin ddr (category:tool,tabindex:6)
2023-09-12 22:55:06,528 [INFO] PluginManage:292 - Check plugin filemanager
2023-09-12 22:55:06,729 [INFO] PluginManage:342 - Loaded plugin filemanager (category:base,tabindex:10)
2023-09-12 22:55:06,730 [INFO] PluginManage:292 - Check plugin ipmanager
2023-09-12 22:55:06,766 [INFO] PluginManage:342 - Loaded plugin ipmanager (category:base,tabindex:5)
2023-09-12 22:55:06,766 [INFO] PluginManage:292 - Check plugin pinoutandconfiguration
2023-09-12 22:55:06,785 [INFO] PluginManage:342 - Loaded plugin pinoutandconfiguration (category:base,tabindex:1)
2023-09-12 22:55:06,785 [INFO] PluginManage:292 - Check plugin pinoutconfig
2023-09-12 22:55:06,854 [INFO] PluginManage:342 - Loaded plugin pinoutconfig (category:base,tabindex:0)
2023-09-12 22:55:06,854 [INFO] PluginManage:292 - Check plugin power
2023-09-12 22:55:06,907 [INFO] PluginManage:342 - Loaded plugin power (category:power,tabindex:4)
2023-09-12 22:55:06,908 [INFO] PluginManage:292 - Check plugin projectmanager
2023-09-12 22:55:06,935 [INFO] PluginManage:342 - Loaded plugin projectmanager (category:projectmanager,tabindex:3)
2023-09-12 22:55:06,935 [INFO] PluginManage:292 - Check plugin thirdparty
2023-09-12 22:55:07,146 [INFO] ThirdPartyDb:333 - Open Third Party DataBase File (C:/Users/Abdelrahman Hebeish/.stm32cubemx/plugins/thirdparty/db/thirdparties_db.xml) : 74 ms. number of Sw pack : 46
2023-09-12 22:55:07,151 [INFO] PluginManage:342 - Loaded plugin thirdparty (category:base,tabindex:-1)
2023-09-12 22:55:07,151 [INFO] PluginManage:292 - Check plugin tools
2023-09-12 22:55:07,245 [INFO] PluginManage:342 - Loaded plugin tools (category:base,tabindex:7)
2023-09-12 22:55:07,246 [INFO] PluginManage:292 - Check plugin tutovideos
2023-09-12 22:55:07,593 [INFO] PluginManage:342 - Loaded plugin tutovideos (category:base,tabindex:-1)
2023-09-12 22:55:07,593 [INFO] PluginManage:292 - Check plugin updater
2023-09-12 22:55:07,631 [INFO] PluginManage:342 - Loaded plugin updater (category:base,tabindex:12)
2023-09-12 22:55:07,632 [INFO] PluginManage:265 - PluginManage : Loaded plugins [13]
2023-09-12 22:55:07,989 [INFO] PinOutPanel:1418 - setPackage(No Configuration,No Configuration)
2023-09-12 22:55:08,194 [INFO] IPUIPlugin:64 - create IPUIPlugin
2023-09-12 22:55:08,194 [INFO] PluginManager:200 - loadIPPluginJar : add adc
2023-09-12 22:55:08,256 [INFO] IPUIPlugin:64 - create IPUIPlugin
2023-09-12 22:55:08,256 [INFO] PluginManager:200 - loadIPPluginJar : add aes
2023-09-12 22:55:08,308 [INFO] IPUIPlugin:64 - create IPUIPlugin
2023-09-12 22:55:08,308 [INFO] PluginManager:200 - loadIPPluginJar : add can
2023-09-12 22:55:08,369 [INFO] IPUIPlugin:64 - create IPUIPlugin
2023-09-12 22:55:08,369 [INFO] PluginManager:200 - loadIPPluginJar : add comp
2023-09-12 22:55:08,421 [INFO] IPUIPlugin:64 - create IPUIPlugin
2023-09-12 22:55:08,421 [INFO] PluginManager:200 - loadIPPluginJar : add cryp
2023-09-12 22:55:08,460 [INFO] IPUIPlugin:64 - create IPUIPlugin
2023-09-12 22:55:08,460 [INFO] PluginManager:200 - loadIPPluginJar : add dfsdm
2023-09-12 22:55:08,482 [INFO] IPUIPlugin:64 - create IPUIPlugin
2023-09-12 22:55:08,483 [INFO] PluginManager:200 - loadIPPluginJar : add dma
2023-09-12 22:55:08,518 [INFO] IPUIPlugin:64 - create IPUIPlugin
2023-09-12 22:55:08,519 [INFO] PluginManager:200 - loadIPPluginJar : add fatfs
2023-09-12 22:55:08,587 [INFO] IPUIPlugin:64 - create IPUIPlugin
2023-09-12 22:55:08,587 [INFO] PluginManager:200 - loadIPPluginJar : add fmc
2023-09-12 22:55:08,618 [INFO] IPUIPlugin:64 - create IPUIPlugin
2023-09-12 22:55:08,618 [INFO] PluginManager:200 - loadIPPluginJar : add freertos
2023-09-12 22:55:08,648 [INFO] IPUIPlugin:64 - create IPUIPlugin
2023-09-12 22:55:08,648 [INFO] PluginManager:200 - loadIPPluginJar : add genericplugin
2023-09-12 22:55:08,771 [INFO] IPUIPlugin:64 - create IPUIPlugin
2023-09-12 22:55:08,772 [INFO] PluginManager:200 - loadIPPluginJar : add gfxmmu
2023-09-12 22:55:08,918 [INFO] IPUIPlugin:64 - create IPUIPlugin
2023-09-12 22:55:08,918 [INFO] PluginManager:200 - loadIPPluginJar : add gic
2023-09-12 22:55:08,931 [INFO] IPUIPlugin:64 - create IPUIPlugin
2023-09-12 22:55:08,931 [INFO] PluginManager:200 - loadIPPluginJar : add gpio
2023-09-12 22:55:09,038 [INFO] IPUIPlugin:64 - create IPUIPlugin
2023-09-12 22:55:09,039 [INFO] PluginManager:200 - loadIPPluginJar : add gtzc
2023-09-12 22:55:09,088 [INFO] IPUIPlugin:64 - create IPUIPlugin
2023-09-12 22:55:09,089 [INFO] PluginManager:200 - loadIPPluginJar : add hash
2023-09-12 22:55:09,158 [INFO] IPUIPlugin:64 - create IPUIPlugin
2023-09-12 22:55:09,158 [INFO] PluginManager:200 - loadIPPluginJar : add i2c
2023-09-12 22:55:09,216 [INFO] IPUIPlugin:64 - create IPUIPlugin
2023-09-12 22:55:09,216 [INFO] PluginManager:200 - loadIPPluginJar : add i2s
2023-09-12 22:55:09,235 [INFO] IPUIPlugin:64 - create IPUIPlugin
2023-09-12 22:55:09,236 [INFO] PluginManager:200 - loadIPPluginJar : add ipddr
2023-09-12 22:55:09,290 [INFO] IPUIPlugin:64 - create IPUIPlugin
2023-09-12 22:55:09,290 [INFO] PluginManager:200 - loadIPPluginJar : add ltdc
2023-09-12 22:55:09,334 [INFO] IPUIPlugin:64 - create IPUIPlugin
2023-09-12 22:55:09,335 [INFO] PluginManager:200 - loadIPPluginJar : add mdma
2023-09-12 22:55:09,354 [INFO] IPUIPlugin:64 - create IPUIPlugin
2023-09-12 22:55:09,355 [INFO] PluginManager:200 - loadIPPluginJar : add nvic
2023-09-12 22:55:09,413 [INFO] IPUIPlugin:64 - create IPUIPlugin
2023-09-12 22:55:09,413 [INFO] PluginManager:200 - loadIPPluginJar : add opamp
2023-09-12 22:55:09,509 [INFO] IPUIPlugin:64 - create IPUIPlugin
2023-09-12 22:55:09,510 [INFO] PluginManager:200 - loadIPPluginJar : add openamp
2023-09-12 22:55:09,596 [INFO] IPUIPlugin:64 - create IPUIPlugin
2023-09-12 22:55:09,596 [INFO] PluginManager:200 - loadIPPluginJar : add pdm2pcm
2023-09-12 22:55:09,622 [INFO] IPUIPlugin:64 - create IPUIPlugin
2023-09-12 22:55:09,625 [INFO] PluginManager:200 - loadIPPluginJar : add plateformsettings
2023-09-12 22:55:09,689 [INFO] IPUIPlugin:64 - create IPUIPlugin
2023-09-12 22:55:09,689 [INFO] PluginManager:200 - loadIPPluginJar : add quadspi
2023-09-12 22:55:09,703 [INFO] IPUIPlugin:64 - create IPUIPlugin
2023-09-12 22:55:09,703 [INFO] PluginManager:200 - loadIPPluginJar : add resmgrutility
2023-09-12 22:55:09,774 [INFO] IPUIPlugin:64 - create IPUIPlugin
2023-09-12 22:55:09,774 [INFO] PluginManager:200 - loadIPPluginJar : add sai
2023-09-12 22:55:09,819 [INFO] IPUIPlugin:64 - create IPUIPlugin
2023-09-12 22:55:09,820 [INFO] PluginManager:200 - loadIPPluginJar : add spi
2023-09-12 22:55:09,876 [INFO] IPUIPlugin:64 - create IPUIPlugin
2023-09-12 22:55:09,877 [INFO] PluginManager:200 - loadIPPluginJar : add stm32_wpan
2023-09-12 22:55:09,912 [INFO] IPUIPlugin:64 - create IPUIPlugin
2023-09-12 22:55:09,912 [INFO] PluginManager:200 - loadIPPluginJar : add tim
2023-09-12 22:55:09,983 [INFO] IPUIPlugin:64 - create IPUIPlugin
2023-09-12 22:55:09,984 [INFO] PluginManager:200 - loadIPPluginJar : add touchsensing
2023-09-12 22:55:10,016 [INFO] IPUIPlugin:64 - create IPUIPlugin
2023-09-12 22:55:10,016 [INFO] PluginManager:200 - loadIPPluginJar : add tracer_emb
2023-09-12 22:55:10,048 [INFO] IPUIPlugin:64 - create IPUIPlugin
2023-09-12 22:55:10,049 [INFO] PluginManager:200 - loadIPPluginJar : add ts
2023-09-12 22:55:10,080 [INFO] IPUIPlugin:64 - create IPUIPlugin
2023-09-12 22:55:10,081 [INFO] PluginManager:200 - loadIPPluginJar : add tsc
2023-09-12 22:55:10,111 [INFO] IPUIPlugin:64 - create IPUIPlugin
2023-09-12 22:55:10,111 [INFO] PluginManager:200 - loadIPPluginJar : add ucpd
2023-09-12 22:55:10,240 [INFO] IPUIPlugin:64 - create IPUIPlugin
2023-09-12 22:55:10,240 [INFO] PluginManager:200 - loadIPPluginJar : add usart
2023-09-12 22:55:11,090 [INFO] CubeProgrammer:457 - [DDR PANEL] - PathOfProgrammer: null
2023-09-12 22:55:11,888 [FATAL] Updater:282 - Updater called before beeing initialized
2023-09-12 22:55:12,152 [FATAL] Updater:282 - Updater called before beeing initialized
2023-09-12 22:55:12,153 [WARN] ThirdParty:775 - waiting for thirdparty lock release [close project]
2023-09-12 22:55:12,153 [INFO] ThirdParty:777 - entering critical section [close project]
2023-09-12 22:55:12,153 [INFO] ThirdParty:790 - exiting critical section [close project]
2023-09-12 22:55:12,156 [INFO] PinOutPanel:1418 - setPackage(No Configuration,No Configuration)
2023-09-12 22:55:12,156 [FATAL] Updater:282 - Updater called before beeing initialized
2023-09-12 22:55:12,178 [ERROR] Updater:967 - MainUpdater not yet initialized. External WinMGr cannot be set.
2023-09-12 22:55:12,180 [INFO] CubeProgrammer:457 - [DDR PANEL] - PathOfProgrammer: C:\ST\STM32CubeIDE_1.4.0\STM32CubeIDE\plugins\com.st.stm32cube.ide.mcu.externaltools.cubeprogrammer.win32_1.4.0.202007081208\tools\bin
2023-09-12 22:55:12,195 [INFO] ProgrammerExecThread:148 - [ProgrammerAPI] CubeProgrammer command construction: C:\ST\STM32CubeIDE_1.4.0\STM32CubeIDE\plugins\com.st.stm32cube.ide.mcu.externaltools.cubeprogrammer.win32_1.4.0.202007081208\tools\bin\STM32_Programmer_CLI.exe -l
2023-09-12 22:55:13,070 [INFO] MainDdrPanel:49 - [DDR PANEL] SETTER - Set cubeProgrammerPath to: C:\ST\STM32CubeIDE_1.4.0\STM32CubeIDE\plugins\com.st.stm32cube.ide.mcu.externaltools.cubeprogrammer.win32_1.4.0.202007081208\tools\bin
2023-09-12 22:55:13,357 [INFO] Updater:904 - Updater Version found : 6.0.0
2023-09-12 22:55:13,398 [INFO] ApplicationProperties:181 - Using Application install path: C:\ST\STM32CubeIDE_1.4.0\STM32CubeIDE\plugins\com.st.stm32cube.common.mx_6.0.0.202007160824
2023-09-12 22:55:13,785 [ERROR] ServerAccessManage:1004 - Warning during Server Connexion :  Unknown host sw-center.st.com
2023-09-12 22:55:13,853 [ERROR] ServerAccessManage:1004 - Warning during Server Connexion :  Unknown host www.ebuc23.com
2023-09-12 22:55:13,857 [INFO] MainUpdater:2268 - connection check result : 22
2023-09-12 22:55:13,859 [INFO] MainUpdater:239 - Updater Check For Update Now.
2023-09-12 22:55:13,860 [INFO] MicroXplorer:414 - Change Database Version : DB.6.0.0
2023-09-12 22:55:13,980 [INFO] CheckServerUpdateThread:102 - End of CheckServer Thread
2023-09-12 22:55:14,059 [ERROR] ServerAccessManage:1004 - Warning during Server Connexion :  Unknown host sw-center.st.com
2023-09-12 22:55:14,060 [ERROR] ServerAccessManage:1004 - Warning during Server Connexion :  Unknown host www.ebuc23.com
2023-09-12 22:55:14,061 [INFO] MainUpdater:2268 - connection check result : 22
2023-09-12 22:55:16,177 [WARN] IntegrityCheckThread:61 - waiting for thirdparty lock release [integrity check]
2023-09-12 22:55:16,177 [INFO] IntegrityCheckThread:63 - entering critical section [integrity check]
2023-09-12 22:55:16,635 [INFO] ThirdPartyDb:299 - Save Third Party DataBase File (C:/Users/Abdelrahman Hebeish/.stm32cubemx/plugins/thirdparty/db/thirdparties_db.xml) [forced]
2023-09-12 22:55:16,747 [INFO] ThirdPartyDb:299 - Save Third Party DataBase File (C:/Users/Abdelrahman Hebeish/.stm32cubemx/plugins/thirdparty/db/thirdparties_db.xml) [forced]
2023-09-12 22:55:16,845 [INFO] IntegrityCheckThread:76 - exiting critical section [integrity check]
2023-09-12 22:55:16,845 [INFO] IntegrityCheckThread:79 - End integrity checks thread
2023-09-12 22:55:21,469 [INFO] McuFinderGlobals:40 - Set McuFinder mode to 2 (CubeIDE integrated)
2023-09-12 22:55:21,772 [INFO] CrossSelectorPresenter:1330 - Cross Selector saved comparison directory: C:\Users\Abdelrahman Hebeish\.stmcufinder\plugins\mcufinder\mcu\cs_comparisons_mx
2023-09-12 22:55:21,777 [INFO] MultiScanPanel:193 - Auto-refresh data requested => check proxy status ongoing
2023-09-12 22:55:21,780 [INFO] FinderPluginLoader:87 - Searching for filters in installed packs
2023-09-12 22:55:21,787 [INFO] DbMcusXml:100 - Load MCU database from C:\ST\STM32CubeIDE_1.4.0\STM32CubeIDE\plugins\com.st.stm32cube.common.mx_6.0.0.202007160824\\db\/mcu/families.xml
2023-09-12 22:55:22,804 [INFO] DbMcusJson:92 - JSON generation date=Tue Nov 16 18:17:54 EET 2021 (1637079474)
2023-09-12 22:55:23,794 [INFO] DbMcus:175 - Found 1761 MCUs (1722 are supported by CubeMX, 1911 are visible in CubeMX)
2023-09-12 22:55:23,864 [INFO] ApiDb:201 - Load user favorites file C:\Users\Abdelrahman Hebeish/.stm32cubeide/favorites.mcus.txt: 0 item(s)
2023-09-12 22:55:23,865 [INFO] ApiDb:205 - User favorites MCUs=[]
2023-09-12 22:55:23,865 [INFO] DbMcus:187 - Set 0 / 0 favorites MCUs
2023-09-12 22:55:24,663 [INFO] McuFilterPanel:245 - Update 0 favorites MCUs
2023-09-12 22:55:24,801 [INFO] DbBoardsPdsc:94 - Found 23 items
2023-09-12 22:55:24,813 [INFO] DbBoardsPdsc:94 - Found 9 items
2023-09-12 22:55:24,825 [INFO] DbBoardsPdsc:94 - Found 29 items
2023-09-12 22:55:24,841 [INFO] DbBoardsPdsc:94 - Found 1 items
2023-09-12 22:55:24,856 [INFO] DbBoardsPdsc:94 - Found 44 items
2023-09-12 22:55:24,872 [INFO] DbBoardsPdsc:94 - Found 40 items
2023-09-12 22:55:24,883 [INFO] DbBoardsPdsc:94 - Found 2 items
2023-09-12 22:55:24,899 [INFO] DbBoardsPdsc:94 - Found 4 items
2023-09-12 22:55:24,906 [WARN] DbBoardsPdsc:258 - Board STM32H7B3I-DK: unknown feature type=Audio, name=, username=Audio stereo codec with Headphone Amp (CS42L51-CNZ), n=1
2023-09-12 22:55:24,907 [WARN] DbBoardsPdsc:258 - Board STM32H735G-DK: unknown feature type=Audio, name=, username=Audio stereo codec with Headphone Amp (WM8994ECS/R), n=1
2023-09-12 22:55:24,928 [WARN] DbBoardsPdsc:258 - Board STM32H7B3I-EVAL: unknown feature type=Audio, name=, username=Multi-Channel Audio Codec (CS42L51-CNZ), n=1
2023-09-12 22:55:24,929 [WARN] DbBoardsPdsc:258 - Board STM32H7B3I-EVAL: unknown feature type=Meter, name=, username=Power-metering and Temperature-monitoring with sigma-delta modulators, n=1
2023-09-12 22:55:24,929 [WARN] DbBoardsPdsc:258 - Board STM32H7B3I-EVAL: unknown feature type=Motor, name=, username=Motor Control, n=1
2023-09-12 22:55:24,989 [INFO] DbBoardsJson:85 - JSON generation date=Tue Nov 16 18:17:54 EET 2021 (1637079474)
2023-09-12 22:55:24,998 [INFO] DbBoards:117 - Found 166 boards (149 are supported by CubeMX)
2023-09-12 22:55:25,030 [INFO] DbBoardsDocs:145 - JSON generation date=Tue Nov 16 18:17:54 EET 2021 (1637079474)
2023-09-12 22:55:25,053 [INFO] DbBoardsDocs:81 - Found 209 boards documents
2023-09-12 22:55:25,054 [WARN] DbBoards:127 - board B-L475E-IOT01A2 has no document id list !
2023-09-12 22:55:25,055 [WARN] DbBoards:127 - board NUCLEO-H743ZI has no document id list !
2023-09-12 22:55:25,057 [WARN] DbBoards:127 - board P-NUCLEO-WB55-Nucleo has no document id list !
2023-09-12 22:55:25,057 [WARN] DbBoards:127 - board P-NUCLEO-WB55-USBDongle has no document id list !
2023-09-12 22:55:25,058 [WARN] DbBoards:127 - board STEVAL-BFA001V1B has no document id list !
2023-09-12 22:55:25,058 [WARN] DbBoards:127 - board STEVAL-BFA001V2B has no document id list !
2023-09-12 22:55:25,058 [WARN] DbBoards:127 - board STEVAL-IDP005V1 has no document id list !
2023-09-12 22:55:25,058 [WARN] DbBoards:127 - board STEVAL-IDP005V2 has no document id list !
2023-09-12 22:55:25,058 [WARN] DbBoards:127 - board STEVAL-MKSBOX1V1 has no document id list !
2023-09-12 22:55:25,058 [WARN] DbBoards:127 - board STEVAL-STWINKT1 has no document id list !
2023-09-12 22:55:25,058 [WARN] DbBoards:127 - board STEVAL-STWINKT1B has no document id list !
2023-09-12 22:55:25,059 [WARN] DbBoards:127 - board STM32439I-EVAL2 has no document id list !
2023-09-12 22:55:25,059 [WARN] DbBoards:127 - board STM32F401C-DISCO has no document id list !
2023-09-12 22:55:25,060 [WARN] DbBoards:127 - board STM32F769I-DISC1 has no document id list !
2023-09-12 22:55:25,061 [WARN] DbBoards:127 - board STM32G474E-EVAL1 has no document id list !
2023-09-12 22:55:25,061 [WARN] DbBoards:127 - board STM32H743I-EVAL2 has no document id list !
2023-09-12 22:55:25,061 [WARN] DbBoards:127 - board STM32H747I-DISC1 has no document id list !
2023-09-12 22:55:25,062 [WARN] DbBoards:127 - board STM32H753I-EVAL2 has no document id list !
2023-09-12 22:55:25,062 [WARN] DbBoards:127 - board STM32L-DISCOVERY has no document id list !
2023-09-12 22:55:25,264 [ERROR] DbBoards:189 - Image file not found for board B-L462E-CELL1: C:\ST\STM32CubeIDE_1.4.0\STM32CubeIDE\plugins\com.st.stm32cube.common.mx_6.0.0.202007160824\\db\/plugins/mcufinder/images/boards/B-L462E-CELL1_small.jpg
2023-09-12 22:55:25,327 [ERROR] DbBoards:189 - Image file not found for board B-U585I-IOT02A: C:\ST\STM32CubeIDE_1.4.0\STM32CubeIDE\plugins\com.st.stm32cube.common.mx_6.0.0.202007160824\\db\/plugins/mcufinder/images/boards/B-U585I-IOT02A_small.jpg
2023-09-12 22:55:25,439 [ERROR] DbBoards:189 - Image file not found for board NUCLEO-F413ZH: C:\ST\STM32CubeIDE_1.4.0\STM32CubeIDE\plugins\com.st.stm32cube.common.mx_6.0.0.202007160824\\db\/plugins/mcufinder/images/boards/nucleo-f413zh_small.jpg
2023-09-12 22:55:25,570 [ERROR] DbBoards:189 - Image file not found for board NUCLEO-L552ZE-Q: C:\ST\STM32CubeIDE_1.4.0\STM32CubeIDE\plugins\com.st.stm32cube.common.mx_6.0.0.202007160824\\db\/plugins/mcufinder/images/boards/nucleo_l552ze_q_small.jpg
2023-09-12 22:55:25,570 [ERROR] DbBoards:189 - Image file not found for board NUCLEO-U575ZI-Q: C:\ST\STM32CubeIDE_1.4.0\STM32CubeIDE\plugins\com.st.stm32cube.common.mx_6.0.0.202007160824\\db\/plugins/mcufinder/images/boards/nucleo-u575zi-q_small.jpg
2023-09-12 22:55:25,570 [ERROR] DbBoards:189 - Image file not found for board NUCLEO-WB15CC: C:\ST\STM32CubeIDE_1.4.0\STM32CubeIDE\plugins\com.st.stm32cube.common.mx_6.0.0.202007160824\\db\/plugins/mcufinder/images/boards/nucleo-wb15cc_small.jpg
2023-09-12 22:55:25,570 [ERROR] DbBoards:189 - Image file not found for board NUCLEO-WB55RG: C:\ST\STM32CubeIDE_1.4.0\STM32CubeIDE\plugins\com.st.stm32cube.common.mx_6.0.0.202007160824\\db\/plugins/mcufinder/images/boards/nucleo-wb55rg_small.jpg
2023-09-12 22:55:25,571 [ERROR] DbBoards:189 - Image file not found for board NUCLEO-WL55JC: C:\ST\STM32CubeIDE_1.4.0\STM32CubeIDE\plugins\com.st.stm32cube.common.mx_6.0.0.202007160824\\db\/plugins/mcufinder/images/boards/nucleo-wl55jc-small.jpg
2023-09-12 22:55:25,822 [ERROR] DbBoards:189 - Image file not found for board STEVAL-STWINKT1B: C:\ST\STM32CubeIDE_1.4.0\STM32CubeIDE\plugins\com.st.stm32cube.common.mx_6.0.0.202007160824\\db\/plugins/mcufinder/images/boards/steval-stwinkt1b_small.jpg
2023-09-12 22:55:26,589 [ERROR] DbBoards:189 - Image file not found for board STM32G0C1E-EV: C:\ST\STM32CubeIDE_1.4.0\STM32CubeIDE\plugins\com.st.stm32cube.common.mx_6.0.0.202007160824\\db\/plugins/mcufinder/images/boards/stm32g0c1e-eval_small.jpg
2023-09-12 22:55:26,855 [ERROR] DbBoards:189 - Image file not found for board STM32H7B3I-EVAL: C:\ST\STM32CubeIDE_1.4.0\STM32CubeIDE\plugins\com.st.stm32cube.common.mx_6.0.0.202007160824\\db\/plugins/mcufinder/images/boards/stm32h7b3ieval_small.jpg
2023-09-12 22:55:27,242 [ERROR] DbBoards:189 - Image file not found for board STM32U575I-EV: C:\ST\STM32CubeIDE_1.4.0\STM32CubeIDE\plugins\com.st.stm32cube.common.mx_6.0.0.202007160824\\db\/plugins/mcufinder/images/boards/stm32u575i-ev_small.jpg
2023-09-12 22:55:27,283 [ERROR] DbBoards:189 - Image file not found for board STM32WB5MM-DK: C:\ST\STM32CubeIDE_1.4.0\STM32CubeIDE\plugins\com.st.stm32cube.common.mx_6.0.0.202007160824\\db\/plugins/mcufinder/images/boards/STM32WB5MM-DK_small.jpg
2023-09-12 22:55:27,288 [INFO] ApiDb:201 - Load user favorites file C:\Users\Abdelrahman Hebeish/.stm32cubeide/favorites.boards.txt: 1 item(s)
2023-09-12 22:55:27,288 [INFO] ApiDb:205 - User favorites Boards=[STM32F407G-DISC1]
2023-09-12 22:55:27,289 [INFO] DbBoards:206 - Set 1 / 1 favorites Boards
2023-09-12 22:56:14,145 [INFO] DbMcusDocs:145 - JSON generation date=Tue Nov 16 18:17:54 EET 2021 (1637079474)
2023-09-12 22:56:14,313 [INFO] DbMcusDocs:81 - Found 682 MCUs documents
2023-09-12 22:56:56,699 [INFO] McuAction:142 - Datasheet
2023-09-12 22:58:15,128 [INFO] LogOutputStream:76 - [STDOUT_REDIRECT] withoutVersionV1.25.2
2023-09-12 22:58:15,129 [INFO] LogOutputStream:76 - [STDOUT_REDIRECT] withoutVersionV1.25.1
2023-09-12 22:58:15,129 [INFO] LogOutputStream:76 - [STDOUT_REDIRECT] withoutVersionV1.25.0
2023-09-12 22:59:48,141 [INFO] ApiDb:226 - Save user favorites file C:\Users\Abdelrahman Hebeish/.stm32cubeide/favorites.mcus.txt: 0 item(s)
2023-09-12 22:59:48,141 [INFO] ApiDb:230 - User favorites MCUs=[]
